
================================================================
======== txAdmin Starting - 01/05/2023, 13:48:58                
================================================================
[13:49:45][Mouuhamd_Boussaid] created admins file
[13:49:46][Mouuhamd_Boussaid] logged in from 127.0.0.1 via password
[13:50:05][Mouuhamd_Boussaid] Changing global settings via setup stepper and started Deployer.
[13:50:59][Mouuhamd_Boussaid] Setting recipe.
[13:51:01][Mouuhamd_Boussaid] Running recipe.
[13:55:41][Mouuhamd_Boussaid] Completed and committed server deploy.
[14:00:48][Mouuhamd_Boussaid] executed "STOP SERVER"
[14:03:05][Mouuhamd_Boussaid] Editing user 'Mouuhamd_Boussaid'.
[14:05:30][Mouuhamd_Boussaid] executed "START SERVER"
[14:06:16][Mouuhamd_Boussaid] executed "STOP SERVER"

================================================================
======== txAdmin Starting - 01/05/2023, 14:07:48                
================================================================
[14:07:57][Mouuhamd_Boussaid] logged in from 127.0.0.1 via password
[14:15:10][Mouuhamd_Boussaid] logged in via in-game ui
[14:54:46][Mouuhamd_Boussaid] executed "RESTART SERVER"
[14:56:42][Mouuhamd_Boussaid] executed "RESTART SERVER"
[14:58:05][Mouuhamd_Boussaid] logged in via in-game ui
[15:14:49][Mouuhamd_Boussaid] executed "RESTART SERVER"
[15:16:11][Mouuhamd_Boussaid] executed "STOP SERVER"
[15:18:50][Mouuhamd_Boussaid] executed "START SERVER"
[15:20:43][Mouuhamd_Boussaid] logged in via in-game ui
[15:31:28][Mouuhamd_Boussaid] executed "STOP SERVER"
[15:36:58][Mouuhamd_Boussaid] executed "START SERVER"
[15:39:35][Mouuhamd_Boussaid] logged in via in-game ui
[16:04:48][Mouuhamd_Boussaid] executed "RESTART SERVER"
[16:06:11][Mouuhamd_Boussaid] executed "refresh"
[16:06:15][Mouuhamd_Boussaid] executed "start fivem-mysql-async-master"
[16:11:35][Mouuhamd_Boussaid] logged in via in-game ui
[17:02:03][Mouuhamd_Boussaid] executed "RESTART SERVER"
[17:05:12][Mouuhamd_Boussaid] logged in via in-game ui
[17:11:14][Mouuhamd_Boussaid] executed "refresh"
[17:11:41][Mouuhamd_Boussaid] executed "start nl-médicnpc"
[17:12:18][Mouuhamd_Boussaid] executed "refresh"
[17:12:27][Mouuhamd_Boussaid] executed "RESTART SERVER"
[17:23:01][Mouuhamd_Boussaid] logged in via in-game ui
[17:35:42][Mouuhamd_Boussaid] executed "refresh"
[17:35:46][Mouuhamd_Boussaid] executed "start hh_aidoc"
[17:36:22][Mouuhamd_Boussaid] executed "STOP SERVER"
[17:36:36][Mouuhamd_Boussaid] executed "START SERVER"
[18:23:28][Mouuhamd_Boussaid] logged in via in-game ui
