
================================================================
======== txAdmin Starting - 01/05/2023, 13:48:59                
================================================================
[13:55:56] txAdmin: Logger started
[14:05:34] txAdmin: Logger started

================================================================
======== txAdmin Starting - 01/05/2023, 14:07:48                
================================================================
[14:08:08] txAdmin: Logger started
[14:13:31] [4cn7A#1] luUx: joined with identifiers [steam:11000014e05a76b; license:d9d27dba42571320eb99c76c767c0b0ceb92fbd7; live:985155312929328; discord:852613600156713020; license2:2f413d8076a2043dd906f29f381234ab09591684]
[14:54:44] [4cn7A#1] luUx: disconnected (Exiting)
[14:55:41] txAdmin: Logger started
[14:56:54] txAdmin: Logger started
[14:57:22] [BedHm#1] luUx: joined with identifiers [steam:11000014e05a76b; license:d9d27dba42571320eb99c76c767c0b0ceb92fbd7; live:985155312929328; discord:852613600156713020; license2:2f413d8076a2043dd906f29f381234ab09591684]
[15:00:48] [BedHm#1] luUx: turned show player IDs on
[15:00:48] [BedHm#1] luUx: enabled noclip
[15:01:00] [BedHm#1] luUx: became mortal (standard mode)
[15:02:51] [BedHm#1] luUx: enabled noclip
[15:14:49] [BedHm#1] luUx: disconnected ([txAdmin] Server restarting (requested by Mouuhamd_Boussaid).)
[15:15:28] txAdmin: Logger started
[15:15:56] [EDCDD#1] luUx: joined with identifiers [steam:11000014e05a76b; license:d9d27dba42571320eb99c76c767c0b0ceb92fbd7; live:985155312929328; discord:852613600156713020; license2:2f413d8076a2043dd906f29f381234ab09591684]
[15:16:11] [EDCDD#1] luUx: disconnected ([txAdmin] Server shutting down (requested by Mouuhamd_Boussaid).)
[15:18:54] txAdmin: Logger started
[15:20:01] [4wM8r#1] luUx: joined with identifiers [steam:11000014e05a76b; license:d9d27dba42571320eb99c76c767c0b0ceb92fbd7; live:985155312929328; discord:852613600156713020; license2:2f413d8076a2043dd906f29f381234ab09591684]
[15:31:28] [4wM8r#1] luUx: disconnected ([txAdmin] Server shutting down (requested by Mouuhamd_Boussaid).)
[15:37:28] txAdmin: Logger started
[15:38:49] [P9U3b#1] luUx: joined with identifiers [steam:11000014e05a76b; license:d9d27dba42571320eb99c76c767c0b0ceb92fbd7; live:985155312929328; discord:852613600156713020; license2:2f413d8076a2043dd906f29f381234ab09591684]
[16:04:48] [P9U3b#1] luUx: disconnected ([txAdmin] Server restarting (requested by Mouuhamd_Boussaid).)
[16:05:24] txAdmin: Logger started
[16:11:10] [7G8Tr#1] luUx: joined with identifiers [steam:11000014e05a76b; license:d9d27dba42571320eb99c76c767c0b0ceb92fbd7; live:985155312929328; discord:852613600156713020; license2:2f413d8076a2043dd906f29f381234ab09591684]
[16:14:47] [7G8Tr#1] luUx: enabled noclip
[16:14:52] [7G8Tr#1] luUx: became mortal (standard mode)
[16:35:36] [7G8Tr#1] luUx: enabled noclip
[16:36:12] [7G8Tr#1] luUx: became mortal (standard mode)
[16:36:14] [7G8Tr#1] luUx: died from suicide (Falling)
[16:44:44] [7G8Tr#1] luUx: said "/mdti"
[17:02:03] [7G8Tr#1] luUx: disconnected ([txAdmin] Server restarting (requested by Mouuhamd_Boussaid).)
[17:03:11] txAdmin: Logger started
[17:04:45] [GiF4U#1] luUx: joined with identifiers [steam:11000014e05a76b; license:d9d27dba42571320eb99c76c767c0b0ceb92fbd7; live:985155312929328; discord:852613600156713020; license2:2f413d8076a2043dd906f29f381234ab09591684]
[17:06:17] [GiF4U#1] luUx: enabled noclip
[17:06:37] [GiF4U#1] luUx: became mortal (standard mode)
[17:06:49] [GiF4U#1] luUx: enabled noclip
[17:07:19] [GiF4U#1] luUx: became mortal (standard mode)
[17:12:27] [GiF4U#1] luUx: disconnected ([txAdmin] Server restarting (requested by Mouuhamd_Boussaid).)
[17:13:02] txAdmin: Logger started
[17:15:32] [HFdyC#1] luUx: joined with identifiers [steam:11000014e05a76b; license:d9d27dba42571320eb99c76c767c0b0ceb92fbd7; live:985155312929328; discord:852613600156713020; license2:2f413d8076a2043dd906f29f381234ab09591684]
[17:16:05] [HFdyC#1] luUx: disconnected (Game crashed: GTA5_b2802.exe!sub_14160C194 (0x132))
[17:21:55] [HFdyC#2] luUx: joined with identifiers [steam:11000014e05a76b; license:d9d27dba42571320eb99c76c767c0b0ceb92fbd7; live:985155312929328; discord:852613600156713020; license2:2f413d8076a2043dd906f29f381234ab09591684]
[17:29:13] [HFdyC#2] luUx: enabled noclip
[17:29:15] [HFdyC#2] luUx: became mortal (standard mode)
[17:29:16] [HFdyC#2] luUx: enabled noclip
[17:29:17] [HFdyC#2] luUx: became mortal (standard mode)
[17:29:26] [HFdyC#2] luUx: healed all players!
[17:29:52] [HFdyC#2] luUx: enabled noclip
[17:29:53] [HFdyC#2] luUx: became mortal (standard mode)
[17:29:57] [HFdyC#2] luUx: triggered drunk effect on [#2] luUx
[17:29:57] [HFdyC#2] luUx: set [#2] luUx on fire
[17:29:58] [HFdyC#2] luUx: triggered wild attack on [#2] luUx
[17:30:02] [HFdyC#2] luUx: died from suicide
[17:30:13] [HFdyC#2] luUx: died from suicide
[17:31:18] [HFdyC#2] luUx: said "/help"
[17:31:23] [HFdyC#2] luUx: said "/halp"
[17:31:27] [HFdyC#2] luUx: enabled noclip
[17:31:48] [HFdyC#2] luUx: became mortal (standard mode)
[17:35:47] [HFdyC#2] luUx: disconnected (Couldn't load resource hh_aidoc: Couldn't parse URI.)
[17:39:05] txAdmin: Logger started
[18:22:36] [EXqTT#1] luUx: joined with identifiers [steam:11000014e05a76b; license:d9d27dba42571320eb99c76c767c0b0ceb92fbd7; live:985155312929328; discord:852613600156713020; license2:2f413d8076a2043dd906f29f381234ab09591684]
[18:25:50] [EXqTT#1] luUx: said "/help"
[18:25:59] [EXqTT#1] luUx: died from suicide (Falling)
[18:26:05] [EXqTT#1] luUx: said "/help"
[19:11:50] [EXqTT#1] luUx: enabled noclip
[19:12:49] [EXqTT#1] luUx: became mortal (standard mode)
[19:12:50] [EXqTT#1] luUx: enabled noclip
[19:12:50] [EXqTT#1] luUx: became mortal (standard mode)
[19:12:57] [EXqTT#1] luUx: enabled noclip
[19:13:02] [EXqTT#1] luUx: became mortal (standard mode)
[19:49:11] [EXqTT#1] luUx: disconnected (Exiting)
